<?xml version="1.0" encoding="UTF-8"?>
<testsuite name="com.fidenz.academy.test.EntityExpirationTest" tests="1" skipped="0" failures="0" errors="0" timestamp="2018-11-28T11:04:25" hostname="DESKTOP-K8I6596" time="0.045">
  <properties/>
  <testcase name="testEntityExpiration" classname="com.fidenz.academy.test.EntityExpirationTest" time="0.045"/>
  <system-out><![CDATA[2018-11-28 16:34:25.643  INFO 12616 --- [    Test worker] o.s.t.c.support.AbstractContextLoader    : Could not detect default resource locations for test class [com.fidenz.academy.test.EntityExpirationTest]: no resource found for suffixes {-context.xml, Context.groovy}.
2018-11-28 16:34:25.647  INFO 12616 --- [    Test worker] .b.t.c.SpringBootTestContextBootstrapper : Loaded default TestExecutionListener class names from location [META-INF/spring.factories]: [org.springframework.boot.test.autoconfigure.restdocs.RestDocsTestExecutionListener, org.springframework.boot.test.autoconfigure.web.client.MockRestServiceServerResetTestExecutionListener, org.springframework.boot.test.autoconfigure.web.servlet.MockMvcPrintOnlyOnFailureTestExecutionListener, org.springframework.boot.test.autoconfigure.web.servlet.WebDriverTestExecutionListener, org.springframework.boot.test.mock.mockito.MockitoTestExecutionListener, org.springframework.boot.test.mock.mockito.ResetMocksTestExecutionListener, org.springframework.test.context.web.ServletTestExecutionListener, org.springframework.test.context.support.DirtiesContextBeforeModesTestExecutionListener, org.springframework.test.context.support.DependencyInjectionTestExecutionListener, org.springframework.test.context.support.DirtiesContextTestExecutionListener, org.springframework.test.context.transaction.TransactionalTestExecutionListener, org.springframework.test.context.jdbc.SqlScriptsTestExecutionListener]
2018-11-28 16:34:25.656  INFO 12616 --- [    Test worker] .b.t.c.SpringBootTestContextBootstrapper : Using TestExecutionListeners: [org.springframework.test.context.web.ServletTestExecutionListener@32ad5365, org.springframework.test.context.support.DirtiesContextBeforeModesTestExecutionListener@6035395a, org.springframework.boot.test.mock.mockito.MockitoTestExecutionListener@2f499797, org.springframework.boot.test.autoconfigure.SpringBootDependencyInjectionTestExecutionListener@75c24344, org.springframework.test.context.support.DirtiesContextTestExecutionListener@2dac00e2, org.springframework.test.context.transaction.TransactionalTestExecutionListener@649a13e4, org.springframework.test.context.jdbc.SqlScriptsTestExecutionListener@70cd5cf, org.springframework.boot.test.autoconfigure.restdocs.RestDocsTestExecutionListener@60b37e09, org.springframework.boot.test.autoconfigure.web.client.MockRestServiceServerResetTestExecutionListener@2d55d9ed, org.springframework.boot.test.autoconfigure.web.servlet.MockMvcPrintOnlyOnFailureTestExecutionListener@1964fa90, org.springframework.boot.test.autoconfigure.web.servlet.WebDriverTestExecutionListener@7827e6de, org.springframework.boot.test.mock.mockito.ResetMocksTestExecutionListener@31f9ce5]
]]></system-out>
  <system-err><![CDATA[]]></system-err>
</testsuite>
