<?xml version="1.0" encoding="UTF-8"?>
<testsuite name="com.fidenz.academy.test.WebProxyServiceHelperTest" tests="1" skipped="0" failures="0" errors="0" timestamp="2018-11-28T12:01:02" hostname="DESKTOP-K8I6596" time="0.103">
  <properties/>
  <testcase name="testHelperService" classname="com.fidenz.academy.test.WebProxyServiceHelperTest" time="0.103"/>
  <system-out><![CDATA[2018-11-28 17:31:02.783  INFO 6520 --- [    Test worker] o.s.t.c.support.AbstractContextLoader    : Could not detect default resource locations for test class [com.fidenz.academy.test.WebProxyServiceHelperTest]: no resource found for suffixes {-context.xml, Context.groovy}.
2018-11-28 17:31:02.785  INFO 6520 --- [    Test worker] .b.t.c.SpringBootTestContextBootstrapper : Loaded default TestExecutionListener class names from location [META-INF/spring.factories]: [org.springframework.boot.test.autoconfigure.restdocs.RestDocsTestExecutionListener, org.springframework.boot.test.autoconfigure.web.client.MockRestServiceServerResetTestExecutionListener, org.springframework.boot.test.autoconfigure.web.servlet.MockMvcPrintOnlyOnFailureTestExecutionListener, org.springframework.boot.test.autoconfigure.web.servlet.WebDriverTestExecutionListener, org.springframework.boot.test.mock.mockito.MockitoTestExecutionListener, org.springframework.boot.test.mock.mockito.ResetMocksTestExecutionListener, org.springframework.test.context.web.ServletTestExecutionListener, org.springframework.test.context.support.DirtiesContextBeforeModesTestExecutionListener, org.springframework.test.context.support.DependencyInjectionTestExecutionListener, org.springframework.test.context.support.DirtiesContextTestExecutionListener, org.springframework.test.context.transaction.TransactionalTestExecutionListener, org.springframework.test.context.jdbc.SqlScriptsTestExecutionListener]
2018-11-28 17:31:02.786  INFO 6520 --- [    Test worker] .b.t.c.SpringBootTestContextBootstrapper : Using TestExecutionListeners: [org.springframework.test.context.web.ServletTestExecutionListener@3b3591fe, org.springframework.test.context.support.DirtiesContextBeforeModesTestExecutionListener@47e528a2, org.springframework.boot.test.mock.mockito.MockitoTestExecutionListener@2072c21a, org.springframework.boot.test.autoconfigure.SpringBootDependencyInjectionTestExecutionListener@13d58a29, org.springframework.test.context.support.DirtiesContextTestExecutionListener@47843cc, org.springframework.test.context.transaction.TransactionalTestExecutionListener@6a36cbd9, org.springframework.test.context.jdbc.SqlScriptsTestExecutionListener@5c62b697, org.springframework.boot.test.autoconfigure.restdocs.RestDocsTestExecutionListener@63d9fbf0, org.springframework.boot.test.autoconfigure.web.client.MockRestServiceServerResetTestExecutionListener@25f9b264, org.springframework.boot.test.autoconfigure.web.servlet.MockMvcPrintOnlyOnFailureTestExecutionListener@794ddd01, org.springframework.boot.test.autoconfigure.web.servlet.WebDriverTestExecutionListener@30d21ab1, org.springframework.boot.test.mock.mockito.ResetMocksTestExecutionListener@1c787120]
]]></system-out>
  <system-err><![CDATA[]]></system-err>
</testsuite>
