<?xml version="1.0" encoding="UTF-8"?>
<testsuite name="com.fidenz.academy.test.WebProxyServiceHelperTest" tests="1" skipped="0" failures="0" errors="0" timestamp="2018-11-28T07:17:36" hostname="DESKTOP-K8I6596" time="0.134">
  <properties/>
  <testcase name="testHelperService" classname="com.fidenz.academy.test.WebProxyServiceHelperTest" time="0.134"/>
  <system-out><![CDATA[2018-11-28 12:47:36.861  INFO 7576 --- [    Test worker] o.s.t.c.support.AbstractContextLoader    : Could not detect default resource locations for test class [com.fidenz.academy.test.WebProxyServiceHelperTest]: no resource found for suffixes {-context.xml, Context.groovy}.
2018-11-28 12:47:36.864  INFO 7576 --- [    Test worker] .b.t.c.SpringBootTestContextBootstrapper : Loaded default TestExecutionListener class names from location [META-INF/spring.factories]: [org.springframework.boot.test.autoconfigure.restdocs.RestDocsTestExecutionListener, org.springframework.boot.test.autoconfigure.web.client.MockRestServiceServerResetTestExecutionListener, org.springframework.boot.test.autoconfigure.web.servlet.MockMvcPrintOnlyOnFailureTestExecutionListener, org.springframework.boot.test.autoconfigure.web.servlet.WebDriverTestExecutionListener, org.springframework.boot.test.mock.mockito.MockitoTestExecutionListener, org.springframework.boot.test.mock.mockito.ResetMocksTestExecutionListener, org.springframework.test.context.web.ServletTestExecutionListener, org.springframework.test.context.support.DirtiesContextBeforeModesTestExecutionListener, org.springframework.test.context.support.DependencyInjectionTestExecutionListener, org.springframework.test.context.support.DirtiesContextTestExecutionListener, org.springframework.test.context.transaction.TransactionalTestExecutionListener, org.springframework.test.context.jdbc.SqlScriptsTestExecutionListener]
2018-11-28 12:47:36.865  INFO 7576 --- [    Test worker] .b.t.c.SpringBootTestContextBootstrapper : Using TestExecutionListeners: [org.springframework.test.context.web.ServletTestExecutionListener@b50b0ea, org.springframework.test.context.support.DirtiesContextBeforeModesTestExecutionListener@51e7336b, org.springframework.boot.test.mock.mockito.MockitoTestExecutionListener@62b20c03, org.springframework.boot.test.autoconfigure.SpringBootDependencyInjectionTestExecutionListener@37d8bbc2, org.springframework.test.context.support.DirtiesContextTestExecutionListener@39818a33, org.springframework.test.context.transaction.TransactionalTestExecutionListener@51958a03, org.springframework.test.context.jdbc.SqlScriptsTestExecutionListener@23355626, org.springframework.boot.test.autoconfigure.restdocs.RestDocsTestExecutionListener@51c1ef29, org.springframework.boot.test.autoconfigure.web.client.MockRestServiceServerResetTestExecutionListener@64a42730, org.springframework.boot.test.autoconfigure.web.servlet.MockMvcPrintOnlyOnFailureTestExecutionListener@191c6c35, org.springframework.boot.test.autoconfigure.web.servlet.WebDriverTestExecutionListener@10919d56, org.springframework.boot.test.mock.mockito.ResetMocksTestExecutionListener@4e7790ca]
]]></system-out>
  <system-err><![CDATA[]]></system-err>
</testsuite>
