<?xml version="1.0" encoding="UTF-8"?>
<testsuite name="com.fidenz.academy.test.EntityExpirationTest" tests="1" skipped="0" failures="0" errors="0" timestamp="2018-11-28T08:05:50" hostname="DESKTOP-K8I6596" time="0.072">
  <properties/>
  <testcase name="testEntityExpiration" classname="com.fidenz.academy.test.EntityExpirationTest" time="0.072"/>
  <system-out><![CDATA[2018-11-28 13:35:50.312  INFO 7484 --- [    Test worker] o.s.t.c.support.AbstractContextLoader    : Could not detect default resource locations for test class [com.fidenz.academy.test.EntityExpirationTest]: no resource found for suffixes {-context.xml, Context.groovy}.
2018-11-28 13:35:50.320  INFO 7484 --- [    Test worker] .b.t.c.SpringBootTestContextBootstrapper : Loaded default TestExecutionListener class names from location [META-INF/spring.factories]: [org.springframework.boot.test.autoconfigure.restdocs.RestDocsTestExecutionListener, org.springframework.boot.test.autoconfigure.web.client.MockRestServiceServerResetTestExecutionListener, org.springframework.boot.test.autoconfigure.web.servlet.MockMvcPrintOnlyOnFailureTestExecutionListener, org.springframework.boot.test.autoconfigure.web.servlet.WebDriverTestExecutionListener, org.springframework.boot.test.mock.mockito.MockitoTestExecutionListener, org.springframework.boot.test.mock.mockito.ResetMocksTestExecutionListener, org.springframework.test.context.web.ServletTestExecutionListener, org.springframework.test.context.support.DirtiesContextBeforeModesTestExecutionListener, org.springframework.test.context.support.DependencyInjectionTestExecutionListener, org.springframework.test.context.support.DirtiesContextTestExecutionListener, org.springframework.test.context.transaction.TransactionalTestExecutionListener, org.springframework.test.context.jdbc.SqlScriptsTestExecutionListener]
2018-11-28 13:35:50.334  INFO 7484 --- [    Test worker] .b.t.c.SpringBootTestContextBootstrapper : Using TestExecutionListeners: [org.springframework.test.context.web.ServletTestExecutionListener@7d9eb31d, org.springframework.test.context.support.DirtiesContextBeforeModesTestExecutionListener@7fae451b, org.springframework.boot.test.mock.mockito.MockitoTestExecutionListener@4b537565, org.springframework.boot.test.autoconfigure.SpringBootDependencyInjectionTestExecutionListener@31636830, org.springframework.test.context.support.DirtiesContextTestExecutionListener@39ed335a, org.springframework.test.context.transaction.TransactionalTestExecutionListener@34e63fe1, org.springframework.test.context.jdbc.SqlScriptsTestExecutionListener@64ce9c45, org.springframework.boot.test.autoconfigure.restdocs.RestDocsTestExecutionListener@4ec64a04, org.springframework.boot.test.autoconfigure.web.client.MockRestServiceServerResetTestExecutionListener@1e61c765, org.springframework.boot.test.autoconfigure.web.servlet.MockMvcPrintOnlyOnFailureTestExecutionListener@1b7dea7f, org.springframework.boot.test.autoconfigure.web.servlet.WebDriverTestExecutionListener@bc171e1, org.springframework.boot.test.mock.mockito.ResetMocksTestExecutionListener@77ab9cf7]
]]></system-out>
  <system-err><![CDATA[]]></system-err>
</testsuite>
