<?xml version="1.0" encoding="UTF-8"?>
<testsuite name="com.fidenz.academy.test.WebProxyServiceHelperTest" tests="1" skipped="0" failures="0" errors="0" timestamp="2018-11-28T11:49:44" hostname="DESKTOP-K8I6596" time="0.102">
  <properties/>
  <testcase name="testHelperService" classname="com.fidenz.academy.test.WebProxyServiceHelperTest" time="0.102"/>
  <system-out><![CDATA[2018-11-28 17:19:44.591  INFO 2260 --- [    Test worker] o.s.t.c.support.AbstractContextLoader    : Could not detect default resource locations for test class [com.fidenz.academy.test.WebProxyServiceHelperTest]: no resource found for suffixes {-context.xml, Context.groovy}.
2018-11-28 17:19:44.595  INFO 2260 --- [    Test worker] .b.t.c.SpringBootTestContextBootstrapper : Loaded default TestExecutionListener class names from location [META-INF/spring.factories]: [org.springframework.boot.test.autoconfigure.restdocs.RestDocsTestExecutionListener, org.springframework.boot.test.autoconfigure.web.client.MockRestServiceServerResetTestExecutionListener, org.springframework.boot.test.autoconfigure.web.servlet.MockMvcPrintOnlyOnFailureTestExecutionListener, org.springframework.boot.test.autoconfigure.web.servlet.WebDriverTestExecutionListener, org.springframework.boot.test.mock.mockito.MockitoTestExecutionListener, org.springframework.boot.test.mock.mockito.ResetMocksTestExecutionListener, org.springframework.test.context.web.ServletTestExecutionListener, org.springframework.test.context.support.DirtiesContextBeforeModesTestExecutionListener, org.springframework.test.context.support.DependencyInjectionTestExecutionListener, org.springframework.test.context.support.DirtiesContextTestExecutionListener, org.springframework.test.context.transaction.TransactionalTestExecutionListener, org.springframework.test.context.jdbc.SqlScriptsTestExecutionListener]
2018-11-28 17:19:44.596  INFO 2260 --- [    Test worker] .b.t.c.SpringBootTestContextBootstrapper : Using TestExecutionListeners: [org.springframework.test.context.web.ServletTestExecutionListener@4bb784fd, org.springframework.test.context.support.DirtiesContextBeforeModesTestExecutionListener@6bc7e669, org.springframework.boot.test.mock.mockito.MockitoTestExecutionListener@12ce0928, org.springframework.boot.test.autoconfigure.SpringBootDependencyInjectionTestExecutionListener@7ec7a728, org.springframework.test.context.support.DirtiesContextTestExecutionListener@9204461, org.springframework.test.context.transaction.TransactionalTestExecutionListener@5d000f82, org.springframework.test.context.jdbc.SqlScriptsTestExecutionListener@3fe5ca43, org.springframework.boot.test.autoconfigure.restdocs.RestDocsTestExecutionListener@7cd8d470, org.springframework.boot.test.autoconfigure.web.client.MockRestServiceServerResetTestExecutionListener@775084c6, org.springframework.boot.test.autoconfigure.web.servlet.MockMvcPrintOnlyOnFailureTestExecutionListener@2a71e9b1, org.springframework.boot.test.autoconfigure.web.servlet.WebDriverTestExecutionListener@3bd7896e, org.springframework.boot.test.mock.mockito.ResetMocksTestExecutionListener@196a130]
]]></system-out>
  <system-err><![CDATA[]]></system-err>
</testsuite>
