<?xml version="1.0" encoding="UTF-8"?>
<testsuite name="com.fidenz.academy.test.DbRepositoryTest" tests="1" skipped="0" failures="0" errors="0" timestamp="2018-11-28T11:57:09" hostname="DESKTOP-K8I6596" time="0.443">
  <properties/>
  <testcase name="testGenericEntityAndDbRepo" classname="com.fidenz.academy.test.DbRepositoryTest" time="0.443"/>
  <system-out><![CDATA[17:27:03.280 [Test worker] DEBUG org.springframework.test.context.junit4.SpringJUnit4ClassRunner - SpringJUnit4ClassRunner constructor called with [class com.fidenz.academy.test.DbRepositoryTest]
17:27:03.283 [Test worker] DEBUG org.springframework.test.context.BootstrapUtils - Instantiating CacheAwareContextLoaderDelegate from class [org.springframework.test.context.cache.DefaultCacheAwareContextLoaderDelegate]
17:27:03.288 [Test worker] DEBUG org.springframework.test.context.BootstrapUtils - Instantiating BootstrapContext using constructor [public org.springframework.test.context.support.DefaultBootstrapContext(java.lang.Class,org.springframework.test.context.CacheAwareContextLoaderDelegate)]
17:27:03.305 [Test worker] DEBUG org.springframework.test.context.BootstrapUtils - Instantiating TestContextBootstrapper for test class [com.fidenz.academy.test.DbRepositoryTest] from class [org.springframework.boot.test.context.SpringBootTestContextBootstrapper]
17:27:03.320 [Test worker] DEBUG org.springframework.test.context.support.AbstractContextLoader - Did not detect default resource location for test class [com.fidenz.academy.test.DbRepositoryTest]: class path resource [com/fidenz/academy/test/DbRepositoryTest-context.xml] does not exist
17:27:03.321 [Test worker] DEBUG org.springframework.test.context.support.AbstractContextLoader - Did not detect default resource location for test class [com.fidenz.academy.test.DbRepositoryTest]: class path resource [com/fidenz/academy/test/DbRepositoryTestContext.groovy] does not exist
17:27:03.322 [Test worker] INFO org.springframework.test.context.support.AbstractContextLoader - Could not detect default resource locations for test class [com.fidenz.academy.test.DbRepositoryTest]: no resource found for suffixes {-context.xml, Context.groovy}.
17:27:03.363 [Test worker] DEBUG org.springframework.test.context.support.ActiveProfilesUtils - Could not find an 'annotation declaring class' for annotation type [org.springframework.test.context.ActiveProfiles] and class [com.fidenz.academy.test.DbRepositoryTest]
17:27:03.486 [Test worker] INFO org.springframework.boot.test.context.SpringBootTestContextBootstrapper - Using TestExecutionListeners: [org.springframework.test.context.web.ServletTestExecutionListener@3e7e52fd, org.springframework.test.context.support.DirtiesContextBeforeModesTestExecutionListener@56ec2c73, org.springframework.test.context.support.DependencyInjectionTestExecutionListener@65ea4ed6, org.springframework.test.context.support.DirtiesContextTestExecutionListener@71eb9578]
17:27:03.488 [Test worker] DEBUG org.springframework.test.annotation.ProfileValueUtils - Retrieved @ProfileValueSourceConfiguration [null] for test class [com.fidenz.academy.test.DbRepositoryTest]
17:27:03.489 [Test worker] DEBUG org.springframework.test.annotation.ProfileValueUtils - Retrieved ProfileValueSource type [class org.springframework.test.annotation.SystemProfileValueSource] for class [com.fidenz.academy.test.DbRepositoryTest]
17:27:03.489 [Test worker] DEBUG org.springframework.test.annotation.ProfileValueUtils - Retrieved @ProfileValueSourceConfiguration [null] for test class [com.fidenz.academy.test.DbRepositoryTest]
17:27:03.489 [Test worker] DEBUG org.springframework.test.annotation.ProfileValueUtils - Retrieved ProfileValueSource type [class org.springframework.test.annotation.SystemProfileValueSource] for class [com.fidenz.academy.test.DbRepositoryTest]
17:27:03.494 [Test worker] DEBUG org.springframework.test.context.support.AbstractDirtiesContextTestExecutionListener - Before test class: context [DefaultTestContext@27dbd6c6 testClass = DbRepositoryTest, testInstance = [null], testMethod = [null], testException = [null], mergedContextConfiguration = [WebMergedContextConfiguration@605d9e99 testClass = DbRepositoryTest, locations = '{}', classes = '{class com.fidenz.academy.test.com.fidenz.academy.test.config.TestSpringConfig}', contextInitializerClasses = '[]', activeProfiles = '{}', propertySourceLocations = '{}', propertySourceProperties = '{org.springframework.boot.test.context.SpringBootTestContextBootstrapper=true}', contextCustomizers = set[org.springframework.boot.test.autoconfigure.properties.PropertyMappingContextCustomizer@0, org.springframework.boot.test.autoconfigure.web.servlet.WebDriverContextCustomizerFactory$Customizer@1dd3aace, org.springframework.boot.test.context.filter.ExcludeFilterContextCustomizer@4e2e9aca, org.springframework.boot.test.json.DuplicateJsonObjectContextCustomizerFactory$DuplicateJsonObjectContextCustomizer@28155905, org.springframework.boot.test.mock.mockito.MockitoContextCustomizer@0, org.springframework.boot.test.web.client.TestRestTemplateContextCustomizer@24908082], resourceBasePath = 'src/main/webapp', contextLoader = 'org.springframework.boot.test.context.SpringBootContextLoader', parent = [null]], attributes = map['org.springframework.test.context.web.ServletTestExecutionListener.activateListener' -> true]], class annotated with @DirtiesContext [false] with mode [null].
17:27:03.495 [Test worker] DEBUG org.springframework.test.annotation.ProfileValueUtils - Retrieved @ProfileValueSourceConfiguration [null] for test class [com.fidenz.academy.test.DbRepositoryTest]
17:27:03.495 [Test worker] DEBUG org.springframework.test.annotation.ProfileValueUtils - Retrieved ProfileValueSource type [class org.springframework.test.annotation.SystemProfileValueSource] for class [com.fidenz.academy.test.DbRepositoryTest]
17:27:03.524 [Test worker] DEBUG org.springframework.test.context.support.TestPropertySourceUtils - Adding inlined properties to environment: {spring.jmx.enabled=false, org.springframework.boot.test.context.SpringBootTestContextBootstrapper=true, server.port=-1}

  .   ____          _            __ _ _
 /\\ / ___'_ __ _ _(_)_ __  __ _ \ \ \ \
( ( )\___ | '_ | '_| | '_ \/ _` | \ \ \ \
 \\/  ___)| |_)| | | | | || (_| |  ) ) ) )
  '  |____| .__|_| |_|_| |_\__, | / / / /
 =========|_|==============|___/=/_/_/_/
 :: Spring Boot ::        (v2.0.5.RELEASE)

2018-11-28 17:27:03.934  WARN 9292 --- [    Test worker] ory$DuplicateJsonObjectContextCustomizer : 

Found multiple occurrences of org.json.JSONObject on the class path:

	jar:file:/C:/Users/Fidenz/.gradle/caches/modules-2/files-2.1/org.json/json/20180813/8566b2b0391d9d4479ea225645c6ed47ef17fe41/json-20180813.jar!/org/json/JSONObject.class
	jar:file:/C:/Users/Fidenz/.gradle/caches/modules-2/files-2.1/com.vaadin.external.google/android-json/0.0.20131108.vaadin1/fa26d351fe62a6a17f5cda1287c1c6110dec413f/android-json-0.0.20131108.vaadin1.jar!/org/json/JSONObject.class

You may wish to exclude one of them to ensure predictable runtime behavior

2018-11-28 17:27:03.953  INFO 9292 --- [    Test worker] c.fidenz.academy.test.DbRepositoryTest   : Starting DbRepositoryTest on DESKTOP-K8I6596 with PID 9292 (started by Fidenz in C:\Users\Fidenz\Documents\ProxyService)
2018-11-28 17:27:03.954  INFO 9292 --- [    Test worker] c.fidenz.academy.test.DbRepositoryTest   : No active profile set, falling back to default profiles: default
2018-11-28 17:27:05.540  INFO 9292 --- [    Test worker] trationDelegate$BeanPostProcessorChecker : Bean 'org.springframework.transaction.annotation.ProxyTransactionManagementConfiguration' of type [org.springframework.transaction.annotation.ProxyTransactionManagementConfiguration$$EnhancerBySpringCGLIB$$b0dd3d90] is not eligible for getting processed by all BeanPostProcessors (for example: not eligible for auto-proxying)
2018-11-28 17:27:05.711  INFO 9292 --- [    Test worker] j.LocalContainerEntityManagerFactoryBean : Building JPA container EntityManagerFactory for persistence unit 'default'
2018-11-28 17:27:05.744  INFO 9292 --- [    Test worker] o.hibernate.jpa.internal.util.LogHelper  : HHH000204: Processing PersistenceUnitInfo [
	name: default
	...]
2018-11-28 17:27:05.827  INFO 9292 --- [    Test worker] org.hibernate.Version                    : HHH000412: Hibernate Core {5.3.7.Final}
2018-11-28 17:27:05.838  INFO 9292 --- [    Test worker] org.hibernate.cfg.Environment            : HHH000206: hibernate.properties not found
2018-11-28 17:27:06.009  INFO 9292 --- [    Test worker] o.hibernate.annotations.common.Version   : HCANN000001: Hibernate Commons Annotations {5.0.4.Final}
2018-11-28 17:27:06.188  INFO 9292 --- [    Test worker] o.h.o.d.impl.DatastoreProviderInitiator  : OGM000016: NoSQL Datastore provider: org.hibernate.ogm.datastore.mongodb.impl.MongoDBDatastoreProvider
2018-11-28 17:27:06.406  INFO 9292 --- [    Test worker] o.h.o.d.m.impl.MongoDBDatastoreProvider  : OGM001201: Connecting to MongoDB at localhost:27017 with a timeout set at 10000 millisecond(s)
2018-11-28 17:27:06.505  INFO 9292 --- [    Test worker] org.mongodb.driver.cluster               : Cluster created with settings {hosts=[localhost:27017], mode=MULTIPLE, requiredClusterType=UNKNOWN, serverSelectionTimeout='30000 ms', maxWaitQueueSize=500}
2018-11-28 17:27:06.505  INFO 9292 --- [    Test worker] org.mongodb.driver.cluster               : Adding discovered server localhost:27017 to client view of cluster
2018-11-28 17:27:06.545  INFO 9292 --- [    Test worker] o.h.o.d.m.impl.MongoDBDatastoreProvider  : OGM001207: Connecting to Mongo database named [proxy_cache].
2018-11-28 17:27:06.551  INFO 9292 --- [    Test worker] org.mongodb.driver.cluster               : Cluster description not yet available. Waiting for 30000 ms before timing out
2018-11-28 17:27:06.574  INFO 9292 --- [localhost:27017] org.mongodb.driver.connection            : Opened connection [connectionId{localValue:1, serverValue:719}] to localhost:27017
2018-11-28 17:27:06.579  INFO 9292 --- [localhost:27017] org.mongodb.driver.cluster               : Monitor thread successfully connected to server with description ServerDescription{address=localhost:27017, type=STANDALONE, state=CONNECTED, ok=true, version=ServerVersion{versionList=[4, 0, 4]}, minWireVersion=0, maxWireVersion=7, maxDocumentSize=16777216, logicalSessionTimeoutMinutes=30, roundTripTimeNanos=2230372}
2018-11-28 17:27:06.580  INFO 9292 --- [localhost:27017] org.mongodb.driver.cluster               : Discovered cluster type of STANDALONE
2018-11-28 17:27:06.593  INFO 9292 --- [    Test worker] org.mongodb.driver.connection            : Opened connection [connectionId{localValue:2, serverValue:720}] to localhost:27017
2018-11-28 17:27:06.764  INFO 9292 --- [    Test worker] o.h.o.dialect.impl.GridDialectInitiator  : OGM000017: Grid Dialect: org.hibernate.ogm.dialect.impl.BatchOperationsDelegator
2018-11-28 17:27:06.766  INFO 9292 --- [    Test worker] o.h.o.dialect.impl.GridDialectInitiator  : Grid dialect logs are disabled
2018-11-28 17:27:06.773  INFO 9292 --- [    Test worker] o.h.o.dialect.impl.GridDialectInitiator  : OGM000017: Grid Dialect: org.hibernate.ogm.dialect.impl.BatchOperationsDelegator
2018-11-28 17:27:06.773  INFO 9292 --- [    Test worker] o.h.o.dialect.impl.GridDialectInitiator  : Grid dialect logs are disabled
2018-11-28 17:27:06.786  INFO 9292 --- [    Test worker] org.hibernate.dialect.Dialect            : HHH000400: Using dialect: org.hibernate.ogm.dialect.impl.OgmDialect
2018-11-28 17:27:06.800  WARN 9292 --- [    Test worker] o.h.e.j.e.i.JdbcEnvironmentInitiator     : HHH000342: Could not obtain connection to query metadata : null
2018-11-28 17:27:06.800  INFO 9292 --- [    Test worker] org.hibernate.dialect.Dialect            : HHH000400: Using dialect: org.hibernate.ogm.dialect.impl.OgmDialect
2018-11-28 17:27:06.809  INFO 9292 --- [    Test worker] o.h.e.j.e.i.LobCreatorBuilderImpl        : HHH000422: Disabling contextual LOB creation as connection was null
2018-11-28 17:27:07.232  INFO 9292 --- [    Test worker] org.hibernate.ogm.cfg.impl.Version       : OGM000001: Hibernate OGM 5.4.0.Final
2018-11-28 17:27:07.685  INFO 9292 --- [    Test worker] o.h.o.t.impl.OgmJtaPlatformInitiator     : OGM000076: No explicit or implicit defined JTAPlatform. Using NoJtaPlatform
2018-11-28 17:27:07.691  INFO 9292 --- [    Test worker] j.LocalContainerEntityManagerFactoryBean : Initialized JPA EntityManagerFactory for persistence unit 'default'
2018-11-28 17:27:08.713  INFO 9292 --- [    Test worker] o.s.w.s.handler.SimpleUrlHandlerMapping  : Mapped URL path [/**/favicon.ico] onto handler of type [class org.springframework.web.servlet.resource.ResourceHttpRequestHandler]
2018-11-28 17:27:09.114  INFO 9292 --- [    Test worker] s.w.s.m.m.a.RequestMappingHandlerAdapter : Looking for @ControllerAdvice: org.springframework.web.context.support.GenericWebApplicationContext@7ddd2880, started on Wed Nov 28 17:27:04 IST 2018
2018-11-28 17:27:09.215  INFO 9292 --- [    Test worker] s.w.s.m.m.a.RequestMappingHandlerMapping : Mapped "{[/error],produces=[text/html]}" onto public org.springframework.web.servlet.ModelAndView org.springframework.boot.autoconfigure.web.servlet.error.BasicErrorController.errorHtml(javax.servlet.http.HttpServletRequest,javax.servlet.http.HttpServletResponse)
2018-11-28 17:27:09.217  INFO 9292 --- [    Test worker] s.w.s.m.m.a.RequestMappingHandlerMapping : Mapped "{[/error]}" onto public org.springframework.http.ResponseEntity<java.util.Map<java.lang.String, java.lang.Object>> org.springframework.boot.autoconfigure.web.servlet.error.BasicErrorController.error(javax.servlet.http.HttpServletRequest)
2018-11-28 17:27:09.256  INFO 9292 --- [    Test worker] o.s.w.s.handler.SimpleUrlHandlerMapping  : Mapped URL path [/webjars/**] onto handler of type [class org.springframework.web.servlet.resource.ResourceHttpRequestHandler]
2018-11-28 17:27:09.256  INFO 9292 --- [    Test worker] o.s.w.s.handler.SimpleUrlHandlerMapping  : Mapped URL path [/**] onto handler of type [class org.springframework.web.servlet.resource.ResourceHttpRequestHandler]
2018-11-28 17:27:09.526  INFO 9292 --- [    Test worker] org.mongodb.driver.cluster               : Cluster created with settings {hosts=[localhost:27017], mode=SINGLE, requiredClusterType=UNKNOWN, serverSelectionTimeout='30000 ms', maxWaitQueueSize=500}
2018-11-28 17:27:09.541  INFO 9292 --- [localhost:27017] org.mongodb.driver.connection            : Opened connection [connectionId{localValue:3, serverValue:721}] to localhost:27017
2018-11-28 17:27:09.544  INFO 9292 --- [localhost:27017] org.mongodb.driver.cluster               : Monitor thread successfully connected to server with description ServerDescription{address=localhost:27017, type=STANDALONE, state=CONNECTED, ok=true, version=ServerVersion{versionList=[4, 0, 4]}, minWireVersion=0, maxWireVersion=7, maxDocumentSize=16777216, logicalSessionTimeoutMinutes=30, roundTripTimeNanos=2985535}
2018-11-28 17:27:09.641  INFO 9292 --- [    Test worker] c.fidenz.academy.test.DbRepositoryTest   : Started DbRepositoryTest in 6.105 seconds (JVM running for 11.325)
]]></system-out>
  <system-err><![CDATA[]]></system-err>
</testsuite>
