<?xml version="1.0" encoding="UTF-8"?>
<testsuite name="com.fidenz.academy.test.EntityExpirationTest" tests="1" skipped="0" failures="0" errors="0" timestamp="2018-11-28T07:17:36" hostname="DESKTOP-K8I6596" time="0.039">
  <properties/>
  <testcase name="testEntityExpiration" classname="com.fidenz.academy.test.EntityExpirationTest" time="0.039"/>
  <system-out><![CDATA[2018-11-28 12:47:36.801  INFO 7576 --- [    Test worker] o.s.t.c.support.AbstractContextLoader    : Could not detect default resource locations for test class [com.fidenz.academy.test.EntityExpirationTest]: no resource found for suffixes {-context.xml, Context.groovy}.
2018-11-28 12:47:36.805  INFO 7576 --- [    Test worker] .b.t.c.SpringBootTestContextBootstrapper : Loaded default TestExecutionListener class names from location [META-INF/spring.factories]: [org.springframework.boot.test.autoconfigure.restdocs.RestDocsTestExecutionListener, org.springframework.boot.test.autoconfigure.web.client.MockRestServiceServerResetTestExecutionListener, org.springframework.boot.test.autoconfigure.web.servlet.MockMvcPrintOnlyOnFailureTestExecutionListener, org.springframework.boot.test.autoconfigure.web.servlet.WebDriverTestExecutionListener, org.springframework.boot.test.mock.mockito.MockitoTestExecutionListener, org.springframework.boot.test.mock.mockito.ResetMocksTestExecutionListener, org.springframework.test.context.web.ServletTestExecutionListener, org.springframework.test.context.support.DirtiesContextBeforeModesTestExecutionListener, org.springframework.test.context.support.DependencyInjectionTestExecutionListener, org.springframework.test.context.support.DirtiesContextTestExecutionListener, org.springframework.test.context.transaction.TransactionalTestExecutionListener, org.springframework.test.context.jdbc.SqlScriptsTestExecutionListener]
2018-11-28 12:47:36.813  INFO 7576 --- [    Test worker] .b.t.c.SpringBootTestContextBootstrapper : Using TestExecutionListeners: [org.springframework.test.context.web.ServletTestExecutionListener@ae454a9, org.springframework.test.context.support.DirtiesContextBeforeModesTestExecutionListener@30e8212b, org.springframework.boot.test.mock.mockito.MockitoTestExecutionListener@44caa34e, org.springframework.boot.test.autoconfigure.SpringBootDependencyInjectionTestExecutionListener@20da723e, org.springframework.test.context.support.DirtiesContextTestExecutionListener@8332b90, org.springframework.test.context.transaction.TransactionalTestExecutionListener@79a3a2c4, org.springframework.test.context.jdbc.SqlScriptsTestExecutionListener@6862be6d, org.springframework.boot.test.autoconfigure.restdocs.RestDocsTestExecutionListener@1bda6add, org.springframework.boot.test.autoconfigure.web.client.MockRestServiceServerResetTestExecutionListener@aa4ad9d, org.springframework.boot.test.autoconfigure.web.servlet.MockMvcPrintOnlyOnFailureTestExecutionListener@6ef59b8f, org.springframework.boot.test.autoconfigure.web.servlet.WebDriverTestExecutionListener@1399c1ea, org.springframework.boot.test.mock.mockito.ResetMocksTestExecutionListener@5bddcdc6]
]]></system-out>
  <system-err><![CDATA[]]></system-err>
</testsuite>
