<?xml version="1.0" encoding="UTF-8"?>
<testsuite name="com.fidenz.academy.test.EntityExpirationTest" tests="1" skipped="0" failures="0" errors="0" timestamp="2018-11-28T11:49:44" hostname="DESKTOP-K8I6596" time="0.049">
  <properties/>
  <testcase name="testEntityExpiration" classname="com.fidenz.academy.test.EntityExpirationTest" time="0.049"/>
  <system-out><![CDATA[2018-11-28 17:19:44.513  INFO 2260 --- [    Test worker] o.s.t.c.support.AbstractContextLoader    : Could not detect default resource locations for test class [com.fidenz.academy.test.EntityExpirationTest]: no resource found for suffixes {-context.xml, Context.groovy}.
2018-11-28 17:19:44.517  INFO 2260 --- [    Test worker] .b.t.c.SpringBootTestContextBootstrapper : Loaded default TestExecutionListener class names from location [META-INF/spring.factories]: [org.springframework.boot.test.autoconfigure.restdocs.RestDocsTestExecutionListener, org.springframework.boot.test.autoconfigure.web.client.MockRestServiceServerResetTestExecutionListener, org.springframework.boot.test.autoconfigure.web.servlet.MockMvcPrintOnlyOnFailureTestExecutionListener, org.springframework.boot.test.autoconfigure.web.servlet.WebDriverTestExecutionListener, org.springframework.boot.test.mock.mockito.MockitoTestExecutionListener, org.springframework.boot.test.mock.mockito.ResetMocksTestExecutionListener, org.springframework.test.context.web.ServletTestExecutionListener, org.springframework.test.context.support.DirtiesContextBeforeModesTestExecutionListener, org.springframework.test.context.support.DependencyInjectionTestExecutionListener, org.springframework.test.context.support.DirtiesContextTestExecutionListener, org.springframework.test.context.transaction.TransactionalTestExecutionListener, org.springframework.test.context.jdbc.SqlScriptsTestExecutionListener]
2018-11-28 17:19:44.524  INFO 2260 --- [    Test worker] .b.t.c.SpringBootTestContextBootstrapper : Using TestExecutionListeners: [org.springframework.test.context.web.ServletTestExecutionListener@21df72b2, org.springframework.test.context.support.DirtiesContextBeforeModesTestExecutionListener@3e56aaae, org.springframework.boot.test.mock.mockito.MockitoTestExecutionListener@2eb5ebd4, org.springframework.boot.test.autoconfigure.SpringBootDependencyInjectionTestExecutionListener@5088dd53, org.springframework.test.context.support.DirtiesContextTestExecutionListener@a187f12, org.springframework.test.context.transaction.TransactionalTestExecutionListener@190b725, org.springframework.test.context.jdbc.SqlScriptsTestExecutionListener@fa1788, org.springframework.boot.test.autoconfigure.restdocs.RestDocsTestExecutionListener@168e2081, org.springframework.boot.test.autoconfigure.web.client.MockRestServiceServerResetTestExecutionListener@5f273dad, org.springframework.boot.test.autoconfigure.web.servlet.MockMvcPrintOnlyOnFailureTestExecutionListener@5b8a90f3, org.springframework.boot.test.autoconfigure.web.servlet.WebDriverTestExecutionListener@b9c8a5d, org.springframework.boot.test.mock.mockito.ResetMocksTestExecutionListener@6cf12987]
]]></system-out>
  <system-err><![CDATA[]]></system-err>
</testsuite>
