<?xml version="1.0" encoding="UTF-8"?>
<testsuite name="com.fidenz.academy.test.EntityExpirationTest" tests="1" skipped="0" failures="0" errors="0" timestamp="2018-11-28T12:01:02" hostname="DESKTOP-K8I6596" time="0.043">
  <properties/>
  <testcase name="testEntityExpiration" classname="com.fidenz.academy.test.EntityExpirationTest" time="0.043"/>
  <system-out><![CDATA[2018-11-28 17:31:02.716  INFO 6520 --- [    Test worker] o.s.t.c.support.AbstractContextLoader    : Could not detect default resource locations for test class [com.fidenz.academy.test.EntityExpirationTest]: no resource found for suffixes {-context.xml, Context.groovy}.
2018-11-28 17:31:02.720  INFO 6520 --- [    Test worker] .b.t.c.SpringBootTestContextBootstrapper : Loaded default TestExecutionListener class names from location [META-INF/spring.factories]: [org.springframework.boot.test.autoconfigure.restdocs.RestDocsTestExecutionListener, org.springframework.boot.test.autoconfigure.web.client.MockRestServiceServerResetTestExecutionListener, org.springframework.boot.test.autoconfigure.web.servlet.MockMvcPrintOnlyOnFailureTestExecutionListener, org.springframework.boot.test.autoconfigure.web.servlet.WebDriverTestExecutionListener, org.springframework.boot.test.mock.mockito.MockitoTestExecutionListener, org.springframework.boot.test.mock.mockito.ResetMocksTestExecutionListener, org.springframework.test.context.web.ServletTestExecutionListener, org.springframework.test.context.support.DirtiesContextBeforeModesTestExecutionListener, org.springframework.test.context.support.DependencyInjectionTestExecutionListener, org.springframework.test.context.support.DirtiesContextTestExecutionListener, org.springframework.test.context.transaction.TransactionalTestExecutionListener, org.springframework.test.context.jdbc.SqlScriptsTestExecutionListener]
2018-11-28 17:31:02.729  INFO 6520 --- [    Test worker] .b.t.c.SpringBootTestContextBootstrapper : Using TestExecutionListeners: [org.springframework.test.context.web.ServletTestExecutionListener@7386f423, org.springframework.test.context.support.DirtiesContextBeforeModesTestExecutionListener@75c5e08f, org.springframework.boot.test.mock.mockito.MockitoTestExecutionListener@7939fe46, org.springframework.boot.test.autoconfigure.SpringBootDependencyInjectionTestExecutionListener@c362659, org.springframework.test.context.support.DirtiesContextTestExecutionListener@48d5ec10, org.springframework.test.context.transaction.TransactionalTestExecutionListener@124eac1d, org.springframework.test.context.jdbc.SqlScriptsTestExecutionListener@24b3bbdc, org.springframework.boot.test.autoconfigure.restdocs.RestDocsTestExecutionListener@190a45fd, org.springframework.boot.test.autoconfigure.web.client.MockRestServiceServerResetTestExecutionListener@7ed89fa0, org.springframework.boot.test.autoconfigure.web.servlet.MockMvcPrintOnlyOnFailureTestExecutionListener@1911fa22, org.springframework.boot.test.autoconfigure.web.servlet.WebDriverTestExecutionListener@2045df87, org.springframework.boot.test.mock.mockito.ResetMocksTestExecutionListener@6b2b43df]
]]></system-out>
  <system-err><![CDATA[]]></system-err>
</testsuite>
