<?xml version="1.0" encoding="UTF-8"?>
<testsuite name="com.fidenz.academy.test.DbRepositoryTest" tests="1" skipped="0" failures="0" errors="0" timestamp="2018-11-28T12:01:02" hostname="DESKTOP-K8I6596" time="0.454">
  <properties/>
  <testcase name="testGenericEntityAndDbRepo" classname="com.fidenz.academy.test.DbRepositoryTest" time="0.454"/>
  <system-out><![CDATA[17:30:55.791 [Test worker] DEBUG org.springframework.test.context.junit4.SpringJUnit4ClassRunner - SpringJUnit4ClassRunner constructor called with [class com.fidenz.academy.test.DbRepositoryTest]
17:30:55.794 [Test worker] DEBUG org.springframework.test.context.BootstrapUtils - Instantiating CacheAwareContextLoaderDelegate from class [org.springframework.test.context.cache.DefaultCacheAwareContextLoaderDelegate]
17:30:55.798 [Test worker] DEBUG org.springframework.test.context.BootstrapUtils - Instantiating BootstrapContext using constructor [public org.springframework.test.context.support.DefaultBootstrapContext(java.lang.Class,org.springframework.test.context.CacheAwareContextLoaderDelegate)]
17:30:55.815 [Test worker] DEBUG org.springframework.test.context.BootstrapUtils - Instantiating TestContextBootstrapper for test class [com.fidenz.academy.test.DbRepositoryTest] from class [org.springframework.boot.test.context.SpringBootTestContextBootstrapper]
17:30:55.834 [Test worker] DEBUG org.springframework.test.context.support.AbstractContextLoader - Did not detect default resource location for test class [com.fidenz.academy.test.DbRepositoryTest]: class path resource [com/fidenz/academy/test/DbRepositoryTest-context.xml] does not exist
17:30:55.835 [Test worker] DEBUG org.springframework.test.context.support.AbstractContextLoader - Did not detect default resource location for test class [com.fidenz.academy.test.DbRepositoryTest]: class path resource [com/fidenz/academy/test/DbRepositoryTestContext.groovy] does not exist
17:30:55.835 [Test worker] INFO org.springframework.test.context.support.AbstractContextLoader - Could not detect default resource locations for test class [com.fidenz.academy.test.DbRepositoryTest]: no resource found for suffixes {-context.xml, Context.groovy}.
17:30:55.882 [Test worker] DEBUG org.springframework.test.context.support.ActiveProfilesUtils - Could not find an 'annotation declaring class' for annotation type [org.springframework.test.context.ActiveProfiles] and class [com.fidenz.academy.test.DbRepositoryTest]
17:30:56.037 [Test worker] INFO org.springframework.boot.test.context.SpringBootTestContextBootstrapper - Using TestExecutionListeners: [org.springframework.test.context.web.ServletTestExecutionListener@5aaf660e, org.springframework.test.context.support.DirtiesContextBeforeModesTestExecutionListener@297fd09b, org.springframework.test.context.support.DependencyInjectionTestExecutionListener@72056cae, org.springframework.test.context.support.DirtiesContextTestExecutionListener@6e67f9a7]
17:30:56.040 [Test worker] DEBUG org.springframework.test.annotation.ProfileValueUtils - Retrieved @ProfileValueSourceConfiguration [null] for test class [com.fidenz.academy.test.DbRepositoryTest]
17:30:56.041 [Test worker] DEBUG org.springframework.test.annotation.ProfileValueUtils - Retrieved ProfileValueSource type [class org.springframework.test.annotation.SystemProfileValueSource] for class [com.fidenz.academy.test.DbRepositoryTest]
17:30:56.041 [Test worker] DEBUG org.springframework.test.annotation.ProfileValueUtils - Retrieved @ProfileValueSourceConfiguration [null] for test class [com.fidenz.academy.test.DbRepositoryTest]
17:30:56.041 [Test worker] DEBUG org.springframework.test.annotation.ProfileValueUtils - Retrieved ProfileValueSource type [class org.springframework.test.annotation.SystemProfileValueSource] for class [com.fidenz.academy.test.DbRepositoryTest]
17:30:56.047 [Test worker] DEBUG org.springframework.test.context.support.AbstractDirtiesContextTestExecutionListener - Before test class: context [DefaultTestContext@33923b08 testClass = DbRepositoryTest, testInstance = [null], testMethod = [null], testException = [null], mergedContextConfiguration = [WebMergedContextConfiguration@5d03e8c3 testClass = DbRepositoryTest, locations = '{}', classes = '{class com.fidenz.academy.test.com.fidenz.academy.test.config.TestSpringConfig}', contextInitializerClasses = '[]', activeProfiles = '{}', propertySourceLocations = '{}', propertySourceProperties = '{org.springframework.boot.test.context.SpringBootTestContextBootstrapper=true}', contextCustomizers = set[org.springframework.boot.test.autoconfigure.properties.PropertyMappingContextCustomizer@0, org.springframework.boot.test.autoconfigure.web.servlet.WebDriverContextCustomizerFactory$Customizer@66a02d27, org.springframework.boot.test.context.filter.ExcludeFilterContextCustomizer@5e5d42c2, org.springframework.boot.test.json.DuplicateJsonObjectContextCustomizerFactory$DuplicateJsonObjectContextCustomizer@3dd0ff9f, org.springframework.boot.test.mock.mockito.MockitoContextCustomizer@0, org.springframework.boot.test.web.client.TestRestTemplateContextCustomizer@19b15381], resourceBasePath = 'src/main/webapp', contextLoader = 'org.springframework.boot.test.context.SpringBootContextLoader', parent = [null]], attributes = map['org.springframework.test.context.web.ServletTestExecutionListener.activateListener' -> true]], class annotated with @DirtiesContext [false] with mode [null].
17:30:56.048 [Test worker] DEBUG org.springframework.test.annotation.ProfileValueUtils - Retrieved @ProfileValueSourceConfiguration [null] for test class [com.fidenz.academy.test.DbRepositoryTest]
17:30:56.050 [Test worker] DEBUG org.springframework.test.annotation.ProfileValueUtils - Retrieved ProfileValueSource type [class org.springframework.test.annotation.SystemProfileValueSource] for class [com.fidenz.academy.test.DbRepositoryTest]
17:30:56.078 [Test worker] DEBUG org.springframework.test.context.support.TestPropertySourceUtils - Adding inlined properties to environment: {spring.jmx.enabled=false, org.springframework.boot.test.context.SpringBootTestContextBootstrapper=true, server.port=-1}

  .   ____          _            __ _ _
 /\\ / ___'_ __ _ _(_)_ __  __ _ \ \ \ \
( ( )\___ | '_ | '_| | '_ \/ _` | \ \ \ \
 \\/  ___)| |_)| | | | | || (_| |  ) ) ) )
  '  |____| .__|_| |_|_| |_\__, | / / / /
 =========|_|==============|___/=/_/_/_/
 :: Spring Boot ::        (v2.0.5.RELEASE)

2018-11-28 17:30:56.458  WARN 6520 --- [    Test worker] ory$DuplicateJsonObjectContextCustomizer : 

Found multiple occurrences of org.json.JSONObject on the class path:

	jar:file:/C:/Users/Fidenz/.gradle/caches/modules-2/files-2.1/org.json/json/20180813/8566b2b0391d9d4479ea225645c6ed47ef17fe41/json-20180813.jar!/org/json/JSONObject.class
	jar:file:/C:/Users/Fidenz/.gradle/caches/modules-2/files-2.1/com.vaadin.external.google/android-json/0.0.20131108.vaadin1/fa26d351fe62a6a17f5cda1287c1c6110dec413f/android-json-0.0.20131108.vaadin1.jar!/org/json/JSONObject.class

You may wish to exclude one of them to ensure predictable runtime behavior

2018-11-28 17:30:56.483  INFO 6520 --- [    Test worker] c.fidenz.academy.test.DbRepositoryTest   : Starting DbRepositoryTest on DESKTOP-K8I6596 with PID 6520 (started by Fidenz in C:\Users\Fidenz\Documents\ProxyService)
2018-11-28 17:30:56.484  INFO 6520 --- [    Test worker] c.fidenz.academy.test.DbRepositoryTest   : No active profile set, falling back to default profiles: default
2018-11-28 17:30:58.133  INFO 6520 --- [    Test worker] trationDelegate$BeanPostProcessorChecker : Bean 'org.springframework.transaction.annotation.ProxyTransactionManagementConfiguration' of type [org.springframework.transaction.annotation.ProxyTransactionManagementConfiguration$$EnhancerBySpringCGLIB$$435600da] is not eligible for getting processed by all BeanPostProcessors (for example: not eligible for auto-proxying)
2018-11-28 17:30:58.312  INFO 6520 --- [    Test worker] j.LocalContainerEntityManagerFactoryBean : Building JPA container EntityManagerFactory for persistence unit 'default'
2018-11-28 17:30:58.341  INFO 6520 --- [    Test worker] o.hibernate.jpa.internal.util.LogHelper  : HHH000204: Processing PersistenceUnitInfo [
	name: default
	...]
2018-11-28 17:30:58.421  INFO 6520 --- [    Test worker] org.hibernate.Version                    : HHH000412: Hibernate Core {5.3.7.Final}
2018-11-28 17:30:58.422  INFO 6520 --- [    Test worker] org.hibernate.cfg.Environment            : HHH000206: hibernate.properties not found
2018-11-28 17:30:58.593  INFO 6520 --- [    Test worker] o.hibernate.annotations.common.Version   : HCANN000001: Hibernate Commons Annotations {5.0.4.Final}
2018-11-28 17:30:58.795  INFO 6520 --- [    Test worker] o.h.o.d.impl.DatastoreProviderInitiator  : OGM000016: NoSQL Datastore provider: org.hibernate.ogm.datastore.mongodb.impl.MongoDBDatastoreProvider
2018-11-28 17:30:59.027  INFO 6520 --- [    Test worker] o.h.o.d.m.impl.MongoDBDatastoreProvider  : OGM001201: Connecting to MongoDB at localhost:27017 with a timeout set at 10000 millisecond(s)
2018-11-28 17:30:59.157  INFO 6520 --- [    Test worker] org.mongodb.driver.cluster               : Cluster created with settings {hosts=[localhost:27017], mode=MULTIPLE, requiredClusterType=UNKNOWN, serverSelectionTimeout='30000 ms', maxWaitQueueSize=500}
2018-11-28 17:30:59.157  INFO 6520 --- [    Test worker] org.mongodb.driver.cluster               : Adding discovered server localhost:27017 to client view of cluster
2018-11-28 17:30:59.200  INFO 6520 --- [    Test worker] o.h.o.d.m.impl.MongoDBDatastoreProvider  : OGM001207: Connecting to Mongo database named [proxy_cache].
2018-11-28 17:30:59.209  INFO 6520 --- [    Test worker] org.mongodb.driver.cluster               : Cluster description not yet available. Waiting for 30000 ms before timing out
2018-11-28 17:30:59.233  INFO 6520 --- [localhost:27017] org.mongodb.driver.connection            : Opened connection [connectionId{localValue:1, serverValue:725}] to localhost:27017
2018-11-28 17:30:59.238  INFO 6520 --- [localhost:27017] org.mongodb.driver.cluster               : Monitor thread successfully connected to server with description ServerDescription{address=localhost:27017, type=STANDALONE, state=CONNECTED, ok=true, version=ServerVersion{versionList=[4, 0, 4]}, minWireVersion=0, maxWireVersion=7, maxDocumentSize=16777216, logicalSessionTimeoutMinutes=30, roundTripTimeNanos=3226431}
2018-11-28 17:30:59.240  INFO 6520 --- [localhost:27017] org.mongodb.driver.cluster               : Discovered cluster type of STANDALONE
2018-11-28 17:30:59.258  INFO 6520 --- [    Test worker] org.mongodb.driver.connection            : Opened connection [connectionId{localValue:2, serverValue:726}] to localhost:27017
2018-11-28 17:30:59.426  INFO 6520 --- [    Test worker] o.h.o.dialect.impl.GridDialectInitiator  : OGM000017: Grid Dialect: org.hibernate.ogm.dialect.impl.BatchOperationsDelegator
2018-11-28 17:30:59.428  INFO 6520 --- [    Test worker] o.h.o.dialect.impl.GridDialectInitiator  : Grid dialect logs are disabled
2018-11-28 17:30:59.433  INFO 6520 --- [    Test worker] o.h.o.dialect.impl.GridDialectInitiator  : OGM000017: Grid Dialect: org.hibernate.ogm.dialect.impl.BatchOperationsDelegator
2018-11-28 17:30:59.433  INFO 6520 --- [    Test worker] o.h.o.dialect.impl.GridDialectInitiator  : Grid dialect logs are disabled
2018-11-28 17:30:59.444  INFO 6520 --- [    Test worker] org.hibernate.dialect.Dialect            : HHH000400: Using dialect: org.hibernate.ogm.dialect.impl.OgmDialect
2018-11-28 17:30:59.461  WARN 6520 --- [    Test worker] o.h.e.j.e.i.JdbcEnvironmentInitiator     : HHH000342: Could not obtain connection to query metadata : null
2018-11-28 17:30:59.461  INFO 6520 --- [    Test worker] org.hibernate.dialect.Dialect            : HHH000400: Using dialect: org.hibernate.ogm.dialect.impl.OgmDialect
2018-11-28 17:30:59.470  INFO 6520 --- [    Test worker] o.h.e.j.e.i.LobCreatorBuilderImpl        : HHH000422: Disabling contextual LOB creation as connection was null
2018-11-28 17:30:59.896  INFO 6520 --- [    Test worker] org.hibernate.ogm.cfg.impl.Version       : OGM000001: Hibernate OGM 5.4.0.Final
2018-11-28 17:31:00.301  INFO 6520 --- [    Test worker] o.h.o.t.impl.OgmJtaPlatformInitiator     : OGM000076: No explicit or implicit defined JTAPlatform. Using NoJtaPlatform
2018-11-28 17:31:00.309  INFO 6520 --- [    Test worker] j.LocalContainerEntityManagerFactoryBean : Initialized JPA EntityManagerFactory for persistence unit 'default'
2018-11-28 17:31:01.288  INFO 6520 --- [    Test worker] o.s.w.s.handler.SimpleUrlHandlerMapping  : Mapped URL path [/**/favicon.ico] onto handler of type [class org.springframework.web.servlet.resource.ResourceHttpRequestHandler]
2018-11-28 17:31:01.683  INFO 6520 --- [    Test worker] s.w.s.m.m.a.RequestMappingHandlerAdapter : Looking for @ControllerAdvice: org.springframework.web.context.support.GenericWebApplicationContext@62646dd0, started on Wed Nov 28 17:30:56 IST 2018
2018-11-28 17:31:01.784  INFO 6520 --- [    Test worker] s.w.s.m.m.a.RequestMappingHandlerMapping : Mapped "{[/error]}" onto public org.springframework.http.ResponseEntity<java.util.Map<java.lang.String, java.lang.Object>> org.springframework.boot.autoconfigure.web.servlet.error.BasicErrorController.error(javax.servlet.http.HttpServletRequest)
2018-11-28 17:31:01.786  INFO 6520 --- [    Test worker] s.w.s.m.m.a.RequestMappingHandlerMapping : Mapped "{[/error],produces=[text/html]}" onto public org.springframework.web.servlet.ModelAndView org.springframework.boot.autoconfigure.web.servlet.error.BasicErrorController.errorHtml(javax.servlet.http.HttpServletRequest,javax.servlet.http.HttpServletResponse)
2018-11-28 17:31:01.823  INFO 6520 --- [    Test worker] o.s.w.s.handler.SimpleUrlHandlerMapping  : Mapped URL path [/webjars/**] onto handler of type [class org.springframework.web.servlet.resource.ResourceHttpRequestHandler]
2018-11-28 17:31:01.824  INFO 6520 --- [    Test worker] o.s.w.s.handler.SimpleUrlHandlerMapping  : Mapped URL path [/**] onto handler of type [class org.springframework.web.servlet.resource.ResourceHttpRequestHandler]
2018-11-28 17:31:02.091  INFO 6520 --- [    Test worker] org.mongodb.driver.cluster               : Cluster created with settings {hosts=[localhost:27017], mode=SINGLE, requiredClusterType=UNKNOWN, serverSelectionTimeout='30000 ms', maxWaitQueueSize=500}
2018-11-28 17:31:02.110  INFO 6520 --- [localhost:27017] org.mongodb.driver.connection            : Opened connection [connectionId{localValue:3, serverValue:727}] to localhost:27017
2018-11-28 17:31:02.112  INFO 6520 --- [localhost:27017] org.mongodb.driver.cluster               : Monitor thread successfully connected to server with description ServerDescription{address=localhost:27017, type=STANDALONE, state=CONNECTED, ok=true, version=ServerVersion{versionList=[4, 0, 4]}, minWireVersion=0, maxWireVersion=7, maxDocumentSize=16777216, logicalSessionTimeoutMinutes=30, roundTripTimeNanos=1380060}
2018-11-28 17:31:02.230  INFO 6520 --- [    Test worker] c.fidenz.academy.test.DbRepositoryTest   : Started DbRepositoryTest in 6.139 seconds (JVM running for 11.426)
]]></system-out>
  <system-err><![CDATA[]]></system-err>
</testsuite>
