<?xml version="1.0" encoding="UTF-8"?>
<testsuite name="com.fidenz.academy.test.WebProxyServiceHelperTest" tests="1" skipped="0" failures="0" errors="0" timestamp="2018-11-28T08:05:50" hostname="DESKTOP-K8I6596" time="0.101">
  <properties/>
  <testcase name="testHelperService" classname="com.fidenz.academy.test.WebProxyServiceHelperTest" time="0.101"/>
  <system-out><![CDATA[2018-11-28 13:35:50.467  INFO 7484 --- [    Test worker] o.s.t.c.support.AbstractContextLoader    : Could not detect default resource locations for test class [com.fidenz.academy.test.WebProxyServiceHelperTest]: no resource found for suffixes {-context.xml, Context.groovy}.
2018-11-28 13:35:50.471  INFO 7484 --- [    Test worker] .b.t.c.SpringBootTestContextBootstrapper : Loaded default TestExecutionListener class names from location [META-INF/spring.factories]: [org.springframework.boot.test.autoconfigure.restdocs.RestDocsTestExecutionListener, org.springframework.boot.test.autoconfigure.web.client.MockRestServiceServerResetTestExecutionListener, org.springframework.boot.test.autoconfigure.web.servlet.MockMvcPrintOnlyOnFailureTestExecutionListener, org.springframework.boot.test.autoconfigure.web.servlet.WebDriverTestExecutionListener, org.springframework.boot.test.mock.mockito.MockitoTestExecutionListener, org.springframework.boot.test.mock.mockito.ResetMocksTestExecutionListener, org.springframework.test.context.web.ServletTestExecutionListener, org.springframework.test.context.support.DirtiesContextBeforeModesTestExecutionListener, org.springframework.test.context.support.DependencyInjectionTestExecutionListener, org.springframework.test.context.support.DirtiesContextTestExecutionListener, org.springframework.test.context.transaction.TransactionalTestExecutionListener, org.springframework.test.context.jdbc.SqlScriptsTestExecutionListener]
2018-11-28 13:35:50.471  INFO 7484 --- [    Test worker] .b.t.c.SpringBootTestContextBootstrapper : Using TestExecutionListeners: [org.springframework.test.context.web.ServletTestExecutionListener@248df625, org.springframework.test.context.support.DirtiesContextBeforeModesTestExecutionListener@2b5a55fc, org.springframework.boot.test.mock.mockito.MockitoTestExecutionListener@70392ebf, org.springframework.boot.test.autoconfigure.SpringBootDependencyInjectionTestExecutionListener@57c5d599, org.springframework.test.context.support.DirtiesContextTestExecutionListener@1c323d9a, org.springframework.test.context.transaction.TransactionalTestExecutionListener@653e6e55, org.springframework.test.context.jdbc.SqlScriptsTestExecutionListener@5ccbf89b, org.springframework.boot.test.autoconfigure.restdocs.RestDocsTestExecutionListener@25db9786, org.springframework.boot.test.autoconfigure.web.client.MockRestServiceServerResetTestExecutionListener@2808b04a, org.springframework.boot.test.autoconfigure.web.servlet.MockMvcPrintOnlyOnFailureTestExecutionListener@3ed22fd8, org.springframework.boot.test.autoconfigure.web.servlet.WebDriverTestExecutionListener@3d5e07b9, org.springframework.boot.test.mock.mockito.ResetMocksTestExecutionListener@4440d033]
]]></system-out>
  <system-err><![CDATA[]]></system-err>
</testsuite>
