<?xml version="1.0" encoding="UTF-8"?>
<testsuite name="com.fidenz.academy.test.WebProxyServiceHelperTest" tests="1" skipped="0" failures="0" errors="0" timestamp="2018-11-28T11:57:10" hostname="DESKTOP-K8I6596" time="0.116">
  <properties/>
  <testcase name="testHelperService" classname="com.fidenz.academy.test.WebProxyServiceHelperTest" time="0.116"/>
  <system-out><![CDATA[2018-11-28 17:27:10.179  INFO 9292 --- [    Test worker] o.s.t.c.support.AbstractContextLoader    : Could not detect default resource locations for test class [com.fidenz.academy.test.WebProxyServiceHelperTest]: no resource found for suffixes {-context.xml, Context.groovy}.
2018-11-28 17:27:10.183  INFO 9292 --- [    Test worker] .b.t.c.SpringBootTestContextBootstrapper : Loaded default TestExecutionListener class names from location [META-INF/spring.factories]: [org.springframework.boot.test.autoconfigure.restdocs.RestDocsTestExecutionListener, org.springframework.boot.test.autoconfigure.web.client.MockRestServiceServerResetTestExecutionListener, org.springframework.boot.test.autoconfigure.web.servlet.MockMvcPrintOnlyOnFailureTestExecutionListener, org.springframework.boot.test.autoconfigure.web.servlet.WebDriverTestExecutionListener, org.springframework.boot.test.mock.mockito.MockitoTestExecutionListener, org.springframework.boot.test.mock.mockito.ResetMocksTestExecutionListener, org.springframework.test.context.web.ServletTestExecutionListener, org.springframework.test.context.support.DirtiesContextBeforeModesTestExecutionListener, org.springframework.test.context.support.DependencyInjectionTestExecutionListener, org.springframework.test.context.support.DirtiesContextTestExecutionListener, org.springframework.test.context.transaction.TransactionalTestExecutionListener, org.springframework.test.context.jdbc.SqlScriptsTestExecutionListener]
2018-11-28 17:27:10.183  INFO 9292 --- [    Test worker] .b.t.c.SpringBootTestContextBootstrapper : Using TestExecutionListeners: [org.springframework.test.context.web.ServletTestExecutionListener@4f37c2e9, org.springframework.test.context.support.DirtiesContextBeforeModesTestExecutionListener@7184ea71, org.springframework.boot.test.mock.mockito.MockitoTestExecutionListener@221ab61f, org.springframework.boot.test.autoconfigure.SpringBootDependencyInjectionTestExecutionListener@645b92ef, org.springframework.test.context.support.DirtiesContextTestExecutionListener@150a3407, org.springframework.test.context.transaction.TransactionalTestExecutionListener@430b83b5, org.springframework.test.context.jdbc.SqlScriptsTestExecutionListener@34567f85, org.springframework.boot.test.autoconfigure.restdocs.RestDocsTestExecutionListener@c225f0a, org.springframework.boot.test.autoconfigure.web.client.MockRestServiceServerResetTestExecutionListener@48cce885, org.springframework.boot.test.autoconfigure.web.servlet.MockMvcPrintOnlyOnFailureTestExecutionListener@5745cc02, org.springframework.boot.test.autoconfigure.web.servlet.WebDriverTestExecutionListener@50683b38, org.springframework.boot.test.mock.mockito.ResetMocksTestExecutionListener@4e2cf430]
]]></system-out>
  <system-err><![CDATA[]]></system-err>
</testsuite>
